2023-02-11 19:54:38,002:INFO:PyCaret Supervised Module
2023-02-11 19:54:38,005:INFO:ML Usecase: regression
2023-02-11 19:54:38,005:INFO:version 2.3.10
2023-02-11 19:54:38,005:INFO:Initializing setup()
2023-02-11 19:54:38,005:INFO:setup(target=charges, ml_usecase=regression, available_plots={'parameter': 'Hyperparameters', 'residuals': 'Residuals', 'error': 'Prediction Error', 'cooks': 'Cooks Distance', 'rfe': 'Feature Selection', 'learning': 'Learning Curve', 'manifold': 'Manifold Learning', 'vc': 'Validation Curve', 'feature': 'Feature Importance', 'feature_all': 'Feature Importance (All)', 'tree': 'Decision Tree', 'residuals_interactive': 'Interactive Residuals'}, train_size=0.7, test_data=None, preprocess=True, imputation_type=simple, iterative_imputation_iters=5, categorical_features=None, categorical_imputation=constant, categorical_iterative_imputer=lightgbm, ordinal_features=None, high_cardinality_features=None, high_cardinality_method=frequency, numeric_features=None, numeric_imputation=mean, numeric_iterative_imputer=lightgbm, date_features=None, ignore_features=None, normalize=False, normalize_method=zscore, transformation=False, transformation_method=yeo-johnson, handle_unknown_categorical=True, unknown_categorical_method=least_frequent, pca=False, pca_method=linear, pca_components=None, ignore_low_variance=False, combine_rare_levels=False, rare_level_threshold=0.1, bin_numeric_features=None, remove_outliers=False, outliers_threshold=0.05, remove_multicollinearity=False, multicollinearity_threshold=0.9, remove_perfect_collinearity=True, create_clusters=False, cluster_iter=20, polynomial_features=False, polynomial_degree=2, trigonometry_features=False, polynomial_threshold=0.1, group_features=None, group_names=None, feature_selection=False, feature_selection_threshold=0.8, feature_selection_method=classic, feature_interaction=False, feature_ratio=False, interaction_threshold=0.01, fix_imbalance=False, fix_imbalance_method=None, transform_target=False, transform_target_method=box-cox, data_split_shuffle=True, data_split_stratify=False, fold_strategy=kfold, fold=10, fold_shuffle=False, fold_groups=None, n_jobs=-1, use_gpu=False, custom_pipeline=None, html=True, session_id=2023, log_experiment=False, experiment_name=None, experiment_custom_tags=None, log_plots=False, log_profile=False, log_data=False, silent=True, verbose=True, profile=False, profile_kwargs=None, display=None)
2023-02-11 19:54:38,005:INFO:Checking environment
2023-02-11 19:54:38,005:INFO:python_version: 3.8.16
2023-02-11 19:54:38,006:INFO:python_build: ('default', 'Jan 17 2023 23:13:24')
2023-02-11 19:54:38,006:INFO:machine: x86_64
2023-02-11 19:54:38,006:INFO:platform: Linux-5.15.0-60-generic-x86_64-with-glibc2.17
2023-02-11 19:54:38,006:INFO:Memory: svmem(total=8195457024, available=2113425408, percent=74.2, used=4782698496, free=133816320, active=2836582400, inactive=4378189824, buffers=203890688, cached=3075051520, shared=985661440, slab=494325760)
2023-02-11 19:54:38,007:INFO:Physical Core: 2
2023-02-11 19:54:38,007:INFO:Logical Core: 4
2023-02-11 19:54:38,007:INFO:Checking libraries
2023-02-11 19:54:38,007:INFO:pd==1.5.3
2023-02-11 19:54:38,008:INFO:numpy==1.20.3
2023-02-11 19:54:38,008:INFO:sklearn==0.23.2
2023-02-11 19:54:38,008:INFO:lightgbm==3.3.5
2023-02-11 19:54:38,008:WARNING:catboost not found
2023-02-11 19:54:38,009:WARNING:xgboost not found
2023-02-11 19:54:38,009:INFO:mlflow==2.1.1
2023-02-11 19:54:38,009:INFO:Checking Exceptions
2023-02-11 19:54:38,009:INFO:Declaring global variables
2023-02-11 19:54:38,009:INFO:USI: 67f4
2023-02-11 19:54:38,009:INFO:pycaret_globals: {'imputation_regressor', 'y_test', 'X', 'fold_generator', 'dashboard_logger', 'log_plots_param', 'X_test', '_available_plots', '_all_models', 'stratify_param', 'transform_target_method_param', 'target_param', 'exp_name_log', 'pycaret_globals', 'prep_pipe', 'fold_groups_param_full', '_all_models_internal', 'html_param', 'n_jobs_param', 'master_model_container', 'fix_imbalance_param', '_gpu_n_jobs_param', '_internal_pipeline', 'fold_groups_param', 'gpu_param', 'USI', 'transform_target_param', 'fix_imbalance_method_param', 'iterative_imputation_iters_param', 'create_model_container', 'y_train', 'fold_param', 'imputation_classifier', '_ml_usecase', 'display_container', 'fold_shuffle_param', 'X_train', 'experiment__', 'seed', 'logging_param', 'data_before_preprocess', '_all_metrics', 'y'}
2023-02-11 19:54:38,010:INFO:Preparing display monitor
2023-02-11 19:54:38,010:INFO:Preparing display monitor
2023-02-11 19:54:38,053:INFO:Importing libraries
2023-02-11 19:54:38,053:INFO:Copying data for preprocessing
2023-02-11 19:54:38,101:INFO:Declaring preprocessing parameters
2023-02-11 19:54:38,104:INFO:Creating preprocessing pipeline
2023-02-11 19:54:38,129:INFO:Preprocessing pipeline created successfully
2023-02-11 19:54:38,130:ERROR:(Process Exit): setup has been interupted with user command 'quit'. setup must rerun.
2023-02-11 19:54:38,130:INFO:Creating global containers
2023-02-11 19:54:38,137:INFO:Internal pipeline: Pipeline(memory=None, steps=[('empty_step', 'passthrough')], verbose=False)
2023-02-11 19:54:38,944:WARNING:Couldn't import xgboost.XGBRegressor
2023-02-11 19:54:38,945:WARNING:Couldn't import catboost.CatBoostRegressor
2023-02-11 19:54:39,177:WARNING:Couldn't import xgboost.XGBRegressor
2023-02-11 19:54:39,178:WARNING:Couldn't import catboost.CatBoostRegressor
2023-02-11 19:54:39,181:INFO:Creating grid variables
2023-02-11 19:54:39,258:INFO:create_model_container: 0
2023-02-11 19:54:39,258:INFO:master_model_container: 0
2023-02-11 19:54:39,259:INFO:display_container: 1
2023-02-11 19:54:39,293:INFO:Pipeline(memory=None,
         steps=[('dtypes',
                 DataTypes_Auto_infer(categorical_features=[],
                                      display_types=False, features_todrop=[],
                                      id_columns=[], ml_usecase='regression',
                                      numerical_features=[], target='charges',
                                      time_features=[])),
                ('imputer',
                 Simple_Imputer(categorical_strategy='not_available',
                                fill_value_categorical=None,
                                fill_value_numerical=None,
                                numeric_strateg...
                ('scaling', 'passthrough'), ('P_transform', 'passthrough'),
                ('binn', 'passthrough'), ('rem_outliers', 'passthrough'),
                ('cluster_all', 'passthrough'),
                ('dummy', Dummify(target='charges')),
                ('fix_perfect', Remove_100(target='charges')),
                ('clean_names', Clean_Colum_Names()),
                ('feature_select', 'passthrough'), ('fix_multi', 'passthrough'),
                ('dfs', 'passthrough'), ('pca', 'passthrough')],
         verbose=False)
2023-02-11 19:54:39,293:INFO:setup() succesfully completed......................................
2023-02-11 19:55:54,653:INFO:Initializing compare_models()
2023-02-11 19:55:54,655:INFO:compare_models(include=None, fold=None, round=4, cross_validation=True, sort=R2, n_select=1, budget_time=None, turbo=True, errors=ignore, fit_kwargs=None, groups=None, experiment_custom_tags=None, probability_threshold=None, verbose=True, display=None, exclude=None)
2023-02-11 19:55:54,655:INFO:Checking exceptions
2023-02-11 19:55:54,655:INFO:Preparing display monitor
2023-02-11 19:55:54,655:INFO:Preparing display monitor
2023-02-11 19:55:54,735:INFO:Initializing Linear Regression
2023-02-11 19:55:54,735:INFO:Total runtime is 5.086263020833333e-06 minutes
2023-02-11 19:55:54,770:INFO:SubProcess create_model() called ==================================
2023-02-11 19:55:54,774:INFO:Initializing create_model()
2023-02-11 19:55:54,775:INFO:create_model(estimator=lr, fold=KFold(n_splits=10, random_state=None, shuffle=False), round=4, cross_validation=True, predict=True, fit_kwargs={}, groups=None, refit=False, verbose=False, system=False, metrics=None, experiment_custom_tags=None, add_to_model_list=True, probability_threshold=None, display=<pycaret.internal.Display.Display object at 0x7fe940388b80>, return_train_score=False, kwargs={})
2023-02-11 19:55:54,775:INFO:Checking exceptions
2023-02-11 19:55:54,776:INFO:Importing libraries
2023-02-11 19:55:54,778:INFO:Copying training dataset
2023-02-11 19:55:54,781:INFO:Defining folds
2023-02-11 19:55:54,783:INFO:Declaring metric variables
2023-02-11 19:55:54,817:INFO:Importing untrained model
2023-02-11 19:55:54,875:INFO:Linear Regression Imported succesfully
2023-02-11 19:55:54,974:INFO:Starting cross validation
2023-02-11 19:55:54,987:INFO:Cross validating with KFold(n_splits=10, random_state=None, shuffle=False), n_jobs=-1
2023-02-11 19:56:18,850:INFO:Calculating mean and std
2023-02-11 19:56:18,856:INFO:Creating metrics dataframe
2023-02-11 19:56:18,889:INFO:Uploading results into container
2023-02-11 19:56:18,889:INFO:Uploading model into container now
2023-02-11 19:56:18,889:INFO:create_model_container: 1
2023-02-11 19:56:18,890:INFO:master_model_container: 1
2023-02-11 19:56:18,890:INFO:display_container: 2
2023-02-11 19:56:18,890:INFO:LinearRegression(copy_X=True, fit_intercept=True, n_jobs=-1, normalize=False)
2023-02-11 19:56:18,890:INFO:create_model() succesfully completed......................................
2023-02-11 19:56:19,124:INFO:SubProcess create_model() end ==================================
2023-02-11 19:56:19,124:INFO:Creating metrics dataframe
2023-02-11 19:56:19,153:INFO:Initializing Lasso Regression
2023-02-11 19:56:19,154:INFO:Total runtime is 0.4069801131884257 minutes
2023-02-11 19:56:19,166:INFO:SubProcess create_model() called ==================================
2023-02-11 19:56:19,167:INFO:Initializing create_model()
2023-02-11 19:56:19,167:INFO:create_model(estimator=lasso, fold=KFold(n_splits=10, random_state=None, shuffle=False), round=4, cross_validation=True, predict=True, fit_kwargs={}, groups=None, refit=False, verbose=False, system=False, metrics=None, experiment_custom_tags=None, add_to_model_list=True, probability_threshold=None, display=<pycaret.internal.Display.Display object at 0x7fe940388b80>, return_train_score=False, kwargs={})
2023-02-11 19:56:19,167:INFO:Checking exceptions
2023-02-11 19:56:19,167:INFO:Importing libraries
2023-02-11 19:56:19,168:INFO:Copying training dataset
2023-02-11 19:56:19,169:INFO:Defining folds
2023-02-11 19:56:19,169:INFO:Declaring metric variables
2023-02-11 19:56:19,192:INFO:Importing untrained model
2023-02-11 19:56:19,205:INFO:Lasso Regression Imported succesfully
2023-02-11 19:56:19,254:INFO:Starting cross validation
2023-02-11 19:56:19,255:INFO:Cross validating with KFold(n_splits=10, random_state=None, shuffle=False), n_jobs=-1
2023-02-11 19:56:19,600:INFO:Calculating mean and std
2023-02-11 19:56:19,601:INFO:Creating metrics dataframe
2023-02-11 19:56:19,620:INFO:Uploading results into container
2023-02-11 19:56:19,620:INFO:Uploading model into container now
2023-02-11 19:56:19,620:INFO:create_model_container: 2
2023-02-11 19:56:19,622:INFO:master_model_container: 2
2023-02-11 19:56:19,622:INFO:display_container: 2
2023-02-11 19:56:19,623:INFO:Lasso(alpha=1.0, copy_X=True, fit_intercept=True, max_iter=1000,
      normalize=False, positive=False, precompute=False, random_state=2023,
      selection='cyclic', tol=0.0001, warm_start=False)
2023-02-11 19:56:19,623:INFO:create_model() succesfully completed......................................
2023-02-11 19:56:19,883:INFO:SubProcess create_model() end ==================================
2023-02-11 19:56:19,883:INFO:Creating metrics dataframe
2023-02-11 19:56:19,916:INFO:Initializing Ridge Regression
2023-02-11 19:56:19,917:INFO:Total runtime is 0.4196958303451538 minutes
2023-02-11 19:56:19,945:INFO:SubProcess create_model() called ==================================
2023-02-11 19:56:19,946:INFO:Initializing create_model()
2023-02-11 19:56:19,946:INFO:create_model(estimator=ridge, fold=KFold(n_splits=10, random_state=None, shuffle=False), round=4, cross_validation=True, predict=True, fit_kwargs={}, groups=None, refit=False, verbose=False, system=False, metrics=None, experiment_custom_tags=None, add_to_model_list=True, probability_threshold=None, display=<pycaret.internal.Display.Display object at 0x7fe940388b80>, return_train_score=False, kwargs={})
2023-02-11 19:56:19,946:INFO:Checking exceptions
2023-02-11 19:56:19,947:INFO:Importing libraries
2023-02-11 19:56:19,948:INFO:Copying training dataset
2023-02-11 19:56:19,949:INFO:Defining folds
2023-02-11 19:56:19,949:INFO:Declaring metric variables
2023-02-11 19:56:19,995:INFO:Importing untrained model
2023-02-11 19:56:20,059:INFO:Ridge Regression Imported succesfully
2023-02-11 19:56:20,123:INFO:Starting cross validation
2023-02-11 19:56:20,125:INFO:Cross validating with KFold(n_splits=10, random_state=None, shuffle=False), n_jobs=-1
2023-02-11 19:56:20,423:INFO:Calculating mean and std
2023-02-11 19:56:20,424:INFO:Creating metrics dataframe
2023-02-11 19:56:20,429:INFO:Uploading results into container
2023-02-11 19:56:20,430:INFO:Uploading model into container now
2023-02-11 19:56:20,430:INFO:create_model_container: 3
2023-02-11 19:56:20,430:INFO:master_model_container: 3
2023-02-11 19:56:20,430:INFO:display_container: 2
2023-02-11 19:56:20,430:INFO:Ridge(alpha=1.0, copy_X=True, fit_intercept=True, max_iter=None,
      normalize=False, random_state=2023, solver='auto', tol=0.001)
2023-02-11 19:56:20,430:INFO:create_model() succesfully completed......................................
2023-02-11 19:56:20,677:INFO:SubProcess create_model() end ==================================
2023-02-11 19:56:20,677:INFO:Creating metrics dataframe
2023-02-11 19:56:20,692:INFO:Initializing Elastic Net
2023-02-11 19:56:20,692:INFO:Total runtime is 0.43262385527292885 minutes
2023-02-11 19:56:20,704:INFO:SubProcess create_model() called ==================================
2023-02-11 19:56:20,705:INFO:Initializing create_model()
2023-02-11 19:56:20,705:INFO:create_model(estimator=en, fold=KFold(n_splits=10, random_state=None, shuffle=False), round=4, cross_validation=True, predict=True, fit_kwargs={}, groups=None, refit=False, verbose=False, system=False, metrics=None, experiment_custom_tags=None, add_to_model_list=True, probability_threshold=None, display=<pycaret.internal.Display.Display object at 0x7fe940388b80>, return_train_score=False, kwargs={})
2023-02-11 19:56:20,706:INFO:Checking exceptions
2023-02-11 19:56:20,706:INFO:Importing libraries
2023-02-11 19:56:20,706:INFO:Copying training dataset
2023-02-11 19:56:20,709:INFO:Defining folds
2023-02-11 19:56:20,709:INFO:Declaring metric variables
2023-02-11 19:56:20,778:INFO:Importing untrained model
2023-02-11 19:56:20,831:INFO:Elastic Net Imported succesfully
2023-02-11 19:56:20,939:INFO:Starting cross validation
2023-02-11 19:56:20,940:INFO:Cross validating with KFold(n_splits=10, random_state=None, shuffle=False), n_jobs=-1
2023-02-11 19:56:21,157:INFO:Calculating mean and std
2023-02-11 19:56:21,159:INFO:Creating metrics dataframe
2023-02-11 19:56:21,186:INFO:Uploading results into container
2023-02-11 19:56:21,187:INFO:Uploading model into container now
2023-02-11 19:56:21,187:INFO:create_model_container: 4
2023-02-11 19:56:21,188:INFO:master_model_container: 4
2023-02-11 19:56:21,188:INFO:display_container: 2
2023-02-11 19:56:21,188:INFO:ElasticNet(alpha=1.0, copy_X=True, fit_intercept=True, l1_ratio=0.5,
           max_iter=1000, normalize=False, positive=False, precompute=False,
           random_state=2023, selection='cyclic', tol=0.0001, warm_start=False)
2023-02-11 19:56:21,188:INFO:create_model() succesfully completed......................................
2023-02-11 19:56:21,372:INFO:SubProcess create_model() end ==================================
2023-02-11 19:56:21,372:INFO:Creating metrics dataframe
2023-02-11 19:56:21,416:INFO:Initializing Least Angle Regression
2023-02-11 19:56:21,417:INFO:Total runtime is 0.44469621181488034 minutes
2023-02-11 19:56:21,444:INFO:SubProcess create_model() called ==================================
2023-02-11 19:56:21,450:INFO:Initializing create_model()
2023-02-11 19:56:21,450:INFO:create_model(estimator=lar, fold=KFold(n_splits=10, random_state=None, shuffle=False), round=4, cross_validation=True, predict=True, fit_kwargs={}, groups=None, refit=False, verbose=False, system=False, metrics=None, experiment_custom_tags=None, add_to_model_list=True, probability_threshold=None, display=<pycaret.internal.Display.Display object at 0x7fe940388b80>, return_train_score=False, kwargs={})
2023-02-11 19:56:21,451:INFO:Checking exceptions
2023-02-11 19:56:21,451:INFO:Importing libraries
2023-02-11 19:56:21,451:INFO:Copying training dataset
2023-02-11 19:56:21,460:INFO:Defining folds
2023-02-11 19:56:21,461:INFO:Declaring metric variables
2023-02-11 19:56:21,496:INFO:Importing untrained model
2023-02-11 19:56:21,547:INFO:Least Angle Regression Imported succesfully
2023-02-11 19:56:21,604:INFO:Starting cross validation
2023-02-11 19:56:21,605:INFO:Cross validating with KFold(n_splits=10, random_state=None, shuffle=False), n_jobs=-1
2023-02-11 19:56:22,014:INFO:Calculating mean and std
2023-02-11 19:56:22,016:INFO:Creating metrics dataframe
2023-02-11 19:56:22,085:INFO:Uploading results into container
2023-02-11 19:56:22,085:INFO:Uploading model into container now
2023-02-11 19:56:22,086:INFO:create_model_container: 5
2023-02-11 19:56:22,086:INFO:master_model_container: 5
2023-02-11 19:56:22,086:INFO:display_container: 2
2023-02-11 19:56:22,087:INFO:Lars(copy_X=True, eps=2.220446049250313e-16, fit_intercept=True, fit_path=True,
     jitter=None, n_nonzero_coefs=500, normalize=True, precompute='auto',
     random_state=2023, verbose=False)
2023-02-11 19:56:22,087:INFO:create_model() succesfully completed......................................
2023-02-11 19:56:22,305:INFO:SubProcess create_model() end ==================================
2023-02-11 19:56:22,307:INFO:Creating metrics dataframe
2023-02-11 19:56:22,331:INFO:Initializing Lasso Least Angle Regression
2023-02-11 19:56:22,332:INFO:Total runtime is 0.45995118220647174 minutes
2023-02-11 19:56:22,376:INFO:SubProcess create_model() called ==================================
2023-02-11 19:56:22,377:INFO:Initializing create_model()
2023-02-11 19:56:22,377:INFO:create_model(estimator=llar, fold=KFold(n_splits=10, random_state=None, shuffle=False), round=4, cross_validation=True, predict=True, fit_kwargs={}, groups=None, refit=False, verbose=False, system=False, metrics=None, experiment_custom_tags=None, add_to_model_list=True, probability_threshold=None, display=<pycaret.internal.Display.Display object at 0x7fe940388b80>, return_train_score=False, kwargs={})
2023-02-11 19:56:22,377:INFO:Checking exceptions
2023-02-11 19:56:22,377:INFO:Importing libraries
2023-02-11 19:56:22,378:INFO:Copying training dataset
2023-02-11 19:56:22,378:INFO:Defining folds
2023-02-11 19:56:22,379:INFO:Declaring metric variables
2023-02-11 19:56:22,392:INFO:Importing untrained model
2023-02-11 19:56:22,424:INFO:Lasso Least Angle Regression Imported succesfully
2023-02-11 19:56:22,489:INFO:Starting cross validation
2023-02-11 19:56:22,492:INFO:Cross validating with KFold(n_splits=10, random_state=None, shuffle=False), n_jobs=-1
2023-02-11 19:56:22,833:INFO:Calculating mean and std
2023-02-11 19:56:22,840:INFO:Creating metrics dataframe
2023-02-11 19:56:22,870:INFO:Uploading results into container
2023-02-11 19:56:22,872:INFO:Uploading model into container now
2023-02-11 19:56:22,873:INFO:create_model_container: 6
2023-02-11 19:56:22,874:INFO:master_model_container: 6
2023-02-11 19:56:22,876:INFO:display_container: 2
2023-02-11 19:56:22,878:INFO:LassoLars(alpha=1.0, copy_X=True, eps=2.220446049250313e-16, fit_intercept=True,
          fit_path=True, jitter=None, max_iter=500, normalize=True,
          positive=False, precompute='auto', random_state=2023, verbose=False)
2023-02-11 19:56:22,878:INFO:create_model() succesfully completed......................................
2023-02-11 19:56:23,080:INFO:SubProcess create_model() end ==================================
2023-02-11 19:56:23,082:INFO:Creating metrics dataframe
2023-02-11 19:56:23,130:INFO:Initializing Orthogonal Matching Pursuit
2023-02-11 19:56:23,131:INFO:Total runtime is 0.4732652862866719 minutes
2023-02-11 19:56:23,179:INFO:SubProcess create_model() called ==================================
2023-02-11 19:56:23,180:INFO:Initializing create_model()
2023-02-11 19:56:23,180:INFO:create_model(estimator=omp, fold=KFold(n_splits=10, random_state=None, shuffle=False), round=4, cross_validation=True, predict=True, fit_kwargs={}, groups=None, refit=False, verbose=False, system=False, metrics=None, experiment_custom_tags=None, add_to_model_list=True, probability_threshold=None, display=<pycaret.internal.Display.Display object at 0x7fe940388b80>, return_train_score=False, kwargs={})
2023-02-11 19:56:23,183:INFO:Checking exceptions
2023-02-11 19:56:23,184:INFO:Importing libraries
2023-02-11 19:56:23,184:INFO:Copying training dataset
2023-02-11 19:56:23,187:INFO:Defining folds
2023-02-11 19:56:23,187:INFO:Declaring metric variables
2023-02-11 19:56:23,219:INFO:Importing untrained model
2023-02-11 19:56:23,254:INFO:Orthogonal Matching Pursuit Imported succesfully
2023-02-11 19:56:23,325:INFO:Starting cross validation
2023-02-11 19:56:23,340:INFO:Cross validating with KFold(n_splits=10, random_state=None, shuffle=False), n_jobs=-1
2023-02-11 19:56:23,687:INFO:Calculating mean and std
2023-02-11 19:56:23,689:INFO:Creating metrics dataframe
2023-02-11 19:56:23,761:INFO:Uploading results into container
2023-02-11 19:56:23,783:INFO:Uploading model into container now
2023-02-11 19:56:23,783:INFO:create_model_container: 7
2023-02-11 19:56:23,783:INFO:master_model_container: 7
2023-02-11 19:56:23,785:INFO:display_container: 2
2023-02-11 19:56:23,785:INFO:OrthogonalMatchingPursuit(fit_intercept=True, n_nonzero_coefs=None,
                          normalize=True, precompute='auto', tol=None)
2023-02-11 19:56:23,788:INFO:create_model() succesfully completed......................................
2023-02-11 19:56:24,103:INFO:SubProcess create_model() end ==================================
2023-02-11 19:56:24,103:INFO:Creating metrics dataframe
2023-02-11 19:56:24,154:INFO:Initializing Bayesian Ridge
2023-02-11 19:56:24,154:INFO:Total runtime is 0.4903275450070699 minutes
2023-02-11 19:56:24,229:INFO:SubProcess create_model() called ==================================
2023-02-11 19:56:24,231:INFO:Initializing create_model()
2023-02-11 19:56:24,232:INFO:create_model(estimator=br, fold=KFold(n_splits=10, random_state=None, shuffle=False), round=4, cross_validation=True, predict=True, fit_kwargs={}, groups=None, refit=False, verbose=False, system=False, metrics=None, experiment_custom_tags=None, add_to_model_list=True, probability_threshold=None, display=<pycaret.internal.Display.Display object at 0x7fe940388b80>, return_train_score=False, kwargs={})
2023-02-11 19:56:24,236:INFO:Checking exceptions
2023-02-11 19:56:24,237:INFO:Importing libraries
2023-02-11 19:56:24,237:INFO:Copying training dataset
2023-02-11 19:56:24,239:INFO:Defining folds
2023-02-11 19:56:24,239:INFO:Declaring metric variables
2023-02-11 19:56:24,317:INFO:Importing untrained model
2023-02-11 19:56:24,392:INFO:Bayesian Ridge Imported succesfully
2023-02-11 19:56:24,480:INFO:Starting cross validation
2023-02-11 19:56:24,482:INFO:Cross validating with KFold(n_splits=10, random_state=None, shuffle=False), n_jobs=-1
2023-02-11 19:56:24,897:INFO:Calculating mean and std
2023-02-11 19:56:24,898:INFO:Creating metrics dataframe
2023-02-11 19:56:24,909:INFO:Uploading results into container
2023-02-11 19:56:24,909:INFO:Uploading model into container now
2023-02-11 19:56:24,909:INFO:create_model_container: 8
2023-02-11 19:56:24,909:INFO:master_model_container: 8
2023-02-11 19:56:24,909:INFO:display_container: 2
2023-02-11 19:56:24,910:INFO:BayesianRidge(alpha_1=1e-06, alpha_2=1e-06, alpha_init=None,
              compute_score=False, copy_X=True, fit_intercept=True,
              lambda_1=1e-06, lambda_2=1e-06, lambda_init=None, n_iter=300,
              normalize=False, tol=0.001, verbose=False)
2023-02-11 19:56:24,910:INFO:create_model() succesfully completed......................................
2023-02-11 19:56:25,492:INFO:SubProcess create_model() end ==================================
2023-02-11 19:56:25,494:INFO:Creating metrics dataframe
2023-02-11 19:56:25,566:INFO:Initializing Passive Aggressive Regressor
2023-02-11 19:56:25,566:INFO:Total runtime is 0.5138548612594604 minutes
2023-02-11 19:56:25,592:INFO:SubProcess create_model() called ==================================
2023-02-11 19:56:25,593:INFO:Initializing create_model()
2023-02-11 19:56:25,593:INFO:create_model(estimator=par, fold=KFold(n_splits=10, random_state=None, shuffle=False), round=4, cross_validation=True, predict=True, fit_kwargs={}, groups=None, refit=False, verbose=False, system=False, metrics=None, experiment_custom_tags=None, add_to_model_list=True, probability_threshold=None, display=<pycaret.internal.Display.Display object at 0x7fe940388b80>, return_train_score=False, kwargs={})
2023-02-11 19:56:25,593:INFO:Checking exceptions
2023-02-11 19:56:25,594:INFO:Importing libraries
2023-02-11 19:56:25,594:INFO:Copying training dataset
2023-02-11 19:56:25,595:INFO:Defining folds
2023-02-11 19:56:25,596:INFO:Declaring metric variables
2023-02-11 19:56:25,616:INFO:Importing untrained model
2023-02-11 19:56:25,668:INFO:Passive Aggressive Regressor Imported succesfully
2023-02-11 19:56:25,760:INFO:Starting cross validation
2023-02-11 19:56:25,767:INFO:Cross validating with KFold(n_splits=10, random_state=None, shuffle=False), n_jobs=-1
2023-02-11 19:56:26,184:INFO:Calculating mean and std
2023-02-11 19:56:26,189:INFO:Creating metrics dataframe
2023-02-11 19:56:26,211:INFO:Uploading results into container
2023-02-11 19:56:26,212:INFO:Uploading model into container now
2023-02-11 19:56:26,213:INFO:create_model_container: 9
2023-02-11 19:56:26,215:INFO:master_model_container: 9
2023-02-11 19:56:26,216:INFO:display_container: 2
2023-02-11 19:56:26,218:INFO:PassiveAggressiveRegressor(C=1.0, average=False, early_stopping=False,
                           epsilon=0.1, fit_intercept=True,
                           loss='epsilon_insensitive', max_iter=1000,
                           n_iter_no_change=5, random_state=2023, shuffle=True,
                           tol=0.001, validation_fraction=0.1, verbose=0,
                           warm_start=False)
2023-02-11 19:56:26,219:INFO:create_model() succesfully completed......................................
2023-02-11 19:56:26,447:INFO:SubProcess create_model() end ==================================
2023-02-11 19:56:26,447:INFO:Creating metrics dataframe
2023-02-11 19:56:26,496:INFO:Initializing Huber Regressor
2023-02-11 19:56:26,497:INFO:Total runtime is 0.5293685634930928 minutes
2023-02-11 19:56:26,537:INFO:SubProcess create_model() called ==================================
2023-02-11 19:56:26,538:INFO:Initializing create_model()
2023-02-11 19:56:26,538:INFO:create_model(estimator=huber, fold=KFold(n_splits=10, random_state=None, shuffle=False), round=4, cross_validation=True, predict=True, fit_kwargs={}, groups=None, refit=False, verbose=False, system=False, metrics=None, experiment_custom_tags=None, add_to_model_list=True, probability_threshold=None, display=<pycaret.internal.Display.Display object at 0x7fe940388b80>, return_train_score=False, kwargs={})
2023-02-11 19:56:26,538:INFO:Checking exceptions
2023-02-11 19:56:26,539:INFO:Importing libraries
2023-02-11 19:56:26,540:INFO:Copying training dataset
2023-02-11 19:56:26,544:INFO:Defining folds
2023-02-11 19:56:26,545:INFO:Declaring metric variables
2023-02-11 19:56:26,573:INFO:Importing untrained model
2023-02-11 19:56:26,608:INFO:Huber Regressor Imported succesfully
2023-02-11 19:56:26,683:INFO:Starting cross validation
2023-02-11 19:56:26,685:INFO:Cross validating with KFold(n_splits=10, random_state=None, shuffle=False), n_jobs=-1
2023-02-11 19:56:27,933:INFO:Calculating mean and std
2023-02-11 19:56:27,936:INFO:Creating metrics dataframe
2023-02-11 19:56:27,956:INFO:Uploading results into container
2023-02-11 19:56:27,960:INFO:Uploading model into container now
2023-02-11 19:56:27,964:INFO:create_model_container: 10
2023-02-11 19:56:27,967:INFO:master_model_container: 10
2023-02-11 19:56:27,968:INFO:display_container: 2
2023-02-11 19:56:27,969:INFO:HuberRegressor(alpha=0.0001, epsilon=1.35, fit_intercept=True, max_iter=100,
               tol=1e-05, warm_start=False)
2023-02-11 19:56:27,970:INFO:create_model() succesfully completed......................................
2023-02-11 19:56:28,189:INFO:SubProcess create_model() end ==================================
2023-02-11 19:56:28,189:INFO:Creating metrics dataframe
2023-02-11 19:56:28,222:INFO:Initializing K Neighbors Regressor
2023-02-11 19:56:28,222:INFO:Total runtime is 0.5581143975257873 minutes
2023-02-11 19:56:28,261:INFO:SubProcess create_model() called ==================================
2023-02-11 19:56:28,262:INFO:Initializing create_model()
2023-02-11 19:56:28,264:INFO:create_model(estimator=knn, fold=KFold(n_splits=10, random_state=None, shuffle=False), round=4, cross_validation=True, predict=True, fit_kwargs={}, groups=None, refit=False, verbose=False, system=False, metrics=None, experiment_custom_tags=None, add_to_model_list=True, probability_threshold=None, display=<pycaret.internal.Display.Display object at 0x7fe940388b80>, return_train_score=False, kwargs={})
2023-02-11 19:56:28,264:INFO:Checking exceptions
2023-02-11 19:56:28,265:INFO:Importing libraries
2023-02-11 19:56:28,265:INFO:Copying training dataset
2023-02-11 19:56:28,266:INFO:Defining folds
2023-02-11 19:56:28,266:INFO:Declaring metric variables
2023-02-11 19:56:28,316:INFO:Importing untrained model
2023-02-11 19:56:28,348:INFO:K Neighbors Regressor Imported succesfully
2023-02-11 19:56:28,414:INFO:Starting cross validation
2023-02-11 19:56:28,415:INFO:Cross validating with KFold(n_splits=10, random_state=None, shuffle=False), n_jobs=-1
2023-02-11 19:56:28,763:INFO:Calculating mean and std
2023-02-11 19:56:28,764:INFO:Creating metrics dataframe
2023-02-11 19:56:28,775:INFO:Uploading results into container
2023-02-11 19:56:28,775:INFO:Uploading model into container now
2023-02-11 19:56:28,775:INFO:create_model_container: 11
2023-02-11 19:56:28,775:INFO:master_model_container: 11
2023-02-11 19:56:28,776:INFO:display_container: 2
2023-02-11 19:56:28,776:INFO:KNeighborsRegressor(algorithm='auto', leaf_size=30, metric='minkowski',
                    metric_params=None, n_jobs=-1, n_neighbors=5, p=2,
                    weights='uniform')
2023-02-11 19:56:28,776:INFO:create_model() succesfully completed......................................
2023-02-11 19:56:28,996:INFO:SubProcess create_model() end ==================================
2023-02-11 19:56:28,996:INFO:Creating metrics dataframe
2023-02-11 19:56:29,032:INFO:Initializing Decision Tree Regressor
2023-02-11 19:56:29,033:INFO:Total runtime is 0.5716330250104268 minutes
2023-02-11 19:56:29,064:INFO:SubProcess create_model() called ==================================
2023-02-11 19:56:29,064:INFO:Initializing create_model()
2023-02-11 19:56:29,065:INFO:create_model(estimator=dt, fold=KFold(n_splits=10, random_state=None, shuffle=False), round=4, cross_validation=True, predict=True, fit_kwargs={}, groups=None, refit=False, verbose=False, system=False, metrics=None, experiment_custom_tags=None, add_to_model_list=True, probability_threshold=None, display=<pycaret.internal.Display.Display object at 0x7fe940388b80>, return_train_score=False, kwargs={})
2023-02-11 19:56:29,065:INFO:Checking exceptions
2023-02-11 19:56:29,065:INFO:Importing libraries
2023-02-11 19:56:29,065:INFO:Copying training dataset
2023-02-11 19:56:29,066:INFO:Defining folds
2023-02-11 19:56:29,066:INFO:Declaring metric variables
2023-02-11 19:56:29,098:INFO:Importing untrained model
2023-02-11 19:56:29,141:INFO:Decision Tree Regressor Imported succesfully
2023-02-11 19:56:29,210:INFO:Starting cross validation
2023-02-11 19:56:29,214:INFO:Cross validating with KFold(n_splits=10, random_state=None, shuffle=False), n_jobs=-1
2023-02-11 19:56:29,741:INFO:Calculating mean and std
2023-02-11 19:56:29,742:INFO:Creating metrics dataframe
2023-02-11 19:56:29,764:INFO:Uploading results into container
2023-02-11 19:56:29,764:INFO:Uploading model into container now
2023-02-11 19:56:29,764:INFO:create_model_container: 12
2023-02-11 19:56:29,765:INFO:master_model_container: 12
2023-02-11 19:56:29,765:INFO:display_container: 2
2023-02-11 19:56:29,766:INFO:DecisionTreeRegressor(ccp_alpha=0.0, criterion='mse', max_depth=None,
                      max_features=None, max_leaf_nodes=None,
                      min_impurity_decrease=0.0, min_impurity_split=None,
                      min_samples_leaf=1, min_samples_split=2,
                      min_weight_fraction_leaf=0.0, presort='deprecated',
                      random_state=2023, splitter='best')
2023-02-11 19:56:29,767:INFO:create_model() succesfully completed......................................
2023-02-11 19:56:30,335:INFO:SubProcess create_model() end ==================================
2023-02-11 19:56:30,335:INFO:Creating metrics dataframe
2023-02-11 19:56:30,411:INFO:Initializing Random Forest Regressor
2023-02-11 19:56:30,411:INFO:Total runtime is 0.5946070988972981 minutes
2023-02-11 19:56:30,460:INFO:SubProcess create_model() called ==================================
2023-02-11 19:56:30,461:INFO:Initializing create_model()
2023-02-11 19:56:30,462:INFO:create_model(estimator=rf, fold=KFold(n_splits=10, random_state=None, shuffle=False), round=4, cross_validation=True, predict=True, fit_kwargs={}, groups=None, refit=False, verbose=False, system=False, metrics=None, experiment_custom_tags=None, add_to_model_list=True, probability_threshold=None, display=<pycaret.internal.Display.Display object at 0x7fe940388b80>, return_train_score=False, kwargs={})
2023-02-11 19:56:30,462:INFO:Checking exceptions
2023-02-11 19:56:30,462:INFO:Importing libraries
2023-02-11 19:56:30,462:INFO:Copying training dataset
2023-02-11 19:56:30,466:INFO:Defining folds
2023-02-11 19:56:30,466:INFO:Declaring metric variables
2023-02-11 19:56:30,514:INFO:Importing untrained model
2023-02-11 19:56:30,545:INFO:Random Forest Regressor Imported succesfully
2023-02-11 19:56:30,662:INFO:Starting cross validation
2023-02-11 19:56:30,667:INFO:Cross validating with KFold(n_splits=10, random_state=None, shuffle=False), n_jobs=-1
2023-02-11 19:56:34,862:INFO:Calculating mean and std
2023-02-11 19:56:34,867:INFO:Creating metrics dataframe
2023-02-11 19:56:34,881:INFO:Uploading results into container
2023-02-11 19:56:34,882:INFO:Uploading model into container now
2023-02-11 19:56:34,882:INFO:create_model_container: 13
2023-02-11 19:56:34,882:INFO:master_model_container: 13
2023-02-11 19:56:34,882:INFO:display_container: 2
2023-02-11 19:56:34,882:INFO:RandomForestRegressor(bootstrap=True, ccp_alpha=0.0, criterion='mse',
                      max_depth=None, max_features='auto', max_leaf_nodes=None,
                      max_samples=None, min_impurity_decrease=0.0,
                      min_impurity_split=None, min_samples_leaf=1,
                      min_samples_split=2, min_weight_fraction_leaf=0.0,
                      n_estimators=100, n_jobs=-1, oob_score=False,
                      random_state=2023, verbose=0, warm_start=False)
2023-02-11 19:56:34,883:INFO:create_model() succesfully completed......................................
2023-02-11 19:56:35,054:INFO:SubProcess create_model() end ==================================
2023-02-11 19:56:35,055:INFO:Creating metrics dataframe
2023-02-11 19:56:35,074:INFO:Initializing Extra Trees Regressor
2023-02-11 19:56:35,075:INFO:Total runtime is 0.6723313331604004 minutes
2023-02-11 19:56:35,103:INFO:SubProcess create_model() called ==================================
2023-02-11 19:56:35,103:INFO:Initializing create_model()
2023-02-11 19:56:35,103:INFO:create_model(estimator=et, fold=KFold(n_splits=10, random_state=None, shuffle=False), round=4, cross_validation=True, predict=True, fit_kwargs={}, groups=None, refit=False, verbose=False, system=False, metrics=None, experiment_custom_tags=None, add_to_model_list=True, probability_threshold=None, display=<pycaret.internal.Display.Display object at 0x7fe940388b80>, return_train_score=False, kwargs={})
2023-02-11 19:56:35,104:INFO:Checking exceptions
2023-02-11 19:56:35,104:INFO:Importing libraries
2023-02-11 19:56:35,104:INFO:Copying training dataset
2023-02-11 19:56:35,106:INFO:Defining folds
2023-02-11 19:56:35,106:INFO:Declaring metric variables
2023-02-11 19:56:35,125:INFO:Importing untrained model
2023-02-11 19:56:35,149:INFO:Extra Trees Regressor Imported succesfully
2023-02-11 19:56:35,191:INFO:Starting cross validation
2023-02-11 19:56:35,192:INFO:Cross validating with KFold(n_splits=10, random_state=None, shuffle=False), n_jobs=-1
2023-02-11 19:56:38,345:INFO:Calculating mean and std
2023-02-11 19:56:38,347:INFO:Creating metrics dataframe
2023-02-11 19:56:38,363:INFO:Uploading results into container
2023-02-11 19:56:38,363:INFO:Uploading model into container now
2023-02-11 19:56:38,364:INFO:create_model_container: 14
2023-02-11 19:56:38,365:INFO:master_model_container: 14
2023-02-11 19:56:38,365:INFO:display_container: 2
2023-02-11 19:56:38,366:INFO:ExtraTreesRegressor(bootstrap=False, ccp_alpha=0.0, criterion='mse',
                    max_depth=None, max_features='auto', max_leaf_nodes=None,
                    max_samples=None, min_impurity_decrease=0.0,
                    min_impurity_split=None, min_samples_leaf=1,
                    min_samples_split=2, min_weight_fraction_leaf=0.0,
                    n_estimators=100, n_jobs=-1, oob_score=False,
                    random_state=2023, verbose=0, warm_start=False)
2023-02-11 19:56:38,367:INFO:create_model() succesfully completed......................................
2023-02-11 19:56:38,539:INFO:SubProcess create_model() end ==================================
2023-02-11 19:56:38,539:INFO:Creating metrics dataframe
2023-02-11 19:56:38,564:INFO:Initializing AdaBoost Regressor
2023-02-11 19:56:38,564:INFO:Total runtime is 0.7304927269617717 minutes
2023-02-11 19:56:38,592:INFO:SubProcess create_model() called ==================================
2023-02-11 19:56:38,593:INFO:Initializing create_model()
2023-02-11 19:56:38,593:INFO:create_model(estimator=ada, fold=KFold(n_splits=10, random_state=None, shuffle=False), round=4, cross_validation=True, predict=True, fit_kwargs={}, groups=None, refit=False, verbose=False, system=False, metrics=None, experiment_custom_tags=None, add_to_model_list=True, probability_threshold=None, display=<pycaret.internal.Display.Display object at 0x7fe940388b80>, return_train_score=False, kwargs={})
2023-02-11 19:56:38,593:INFO:Checking exceptions
2023-02-11 19:56:38,593:INFO:Importing libraries
2023-02-11 19:56:38,593:INFO:Copying training dataset
2023-02-11 19:56:38,596:INFO:Defining folds
2023-02-11 19:56:38,596:INFO:Declaring metric variables
2023-02-11 19:56:38,614:INFO:Importing untrained model
2023-02-11 19:56:38,661:INFO:AdaBoost Regressor Imported succesfully
2023-02-11 19:56:38,726:INFO:Starting cross validation
2023-02-11 19:56:38,733:INFO:Cross validating with KFold(n_splits=10, random_state=None, shuffle=False), n_jobs=-1
2023-02-11 19:56:39,185:INFO:Calculating mean and std
2023-02-11 19:56:39,187:INFO:Creating metrics dataframe
2023-02-11 19:56:39,222:INFO:Uploading results into container
2023-02-11 19:56:39,248:INFO:Uploading model into container now
2023-02-11 19:56:39,248:INFO:create_model_container: 15
2023-02-11 19:56:39,248:INFO:master_model_container: 15
2023-02-11 19:56:39,248:INFO:display_container: 2
2023-02-11 19:56:39,248:INFO:AdaBoostRegressor(base_estimator=None, learning_rate=1.0, loss='linear',
                  n_estimators=50, random_state=2023)
2023-02-11 19:56:39,248:INFO:create_model() succesfully completed......................................
2023-02-11 19:56:39,459:INFO:SubProcess create_model() end ==================================
2023-02-11 19:56:39,459:INFO:Creating metrics dataframe
2023-02-11 19:56:39,514:INFO:Initializing Gradient Boosting Regressor
2023-02-11 19:56:39,514:INFO:Total runtime is 0.7463268597920736 minutes
2023-02-11 19:56:39,553:INFO:SubProcess create_model() called ==================================
2023-02-11 19:56:39,555:INFO:Initializing create_model()
2023-02-11 19:56:39,557:INFO:create_model(estimator=gbr, fold=KFold(n_splits=10, random_state=None, shuffle=False), round=4, cross_validation=True, predict=True, fit_kwargs={}, groups=None, refit=False, verbose=False, system=False, metrics=None, experiment_custom_tags=None, add_to_model_list=True, probability_threshold=None, display=<pycaret.internal.Display.Display object at 0x7fe940388b80>, return_train_score=False, kwargs={})
2023-02-11 19:56:39,557:INFO:Checking exceptions
2023-02-11 19:56:39,557:INFO:Importing libraries
2023-02-11 19:56:39,557:INFO:Copying training dataset
2023-02-11 19:56:39,559:INFO:Defining folds
2023-02-11 19:56:39,559:INFO:Declaring metric variables
2023-02-11 19:56:39,622:INFO:Importing untrained model
2023-02-11 19:56:39,643:INFO:Gradient Boosting Regressor Imported succesfully
2023-02-11 19:56:39,718:INFO:Starting cross validation
2023-02-11 19:56:39,719:INFO:Cross validating with KFold(n_splits=10, random_state=None, shuffle=False), n_jobs=-1
2023-02-11 19:56:41,051:INFO:Calculating mean and std
2023-02-11 19:56:41,052:INFO:Creating metrics dataframe
2023-02-11 19:56:41,075:INFO:Uploading results into container
2023-02-11 19:56:41,076:INFO:Uploading model into container now
2023-02-11 19:56:41,076:INFO:create_model_container: 16
2023-02-11 19:56:41,078:INFO:master_model_container: 16
2023-02-11 19:56:41,079:INFO:display_container: 2
2023-02-11 19:56:41,082:INFO:GradientBoostingRegressor(alpha=0.9, ccp_alpha=0.0, criterion='friedman_mse',
                          init=None, learning_rate=0.1, loss='ls', max_depth=3,
                          max_features=None, max_leaf_nodes=None,
                          min_impurity_decrease=0.0, min_impurity_split=None,
                          min_samples_leaf=1, min_samples_split=2,
                          min_weight_fraction_leaf=0.0, n_estimators=100,
                          n_iter_no_change=None, presort='deprecated',
                          random_state=2023, subsample=1.0, tol=0.0001,
                          validation_fraction=0.1, verbose=0, warm_start=False)
2023-02-11 19:56:41,083:INFO:create_model() succesfully completed......................................
2023-02-11 19:56:41,310:INFO:SubProcess create_model() end ==================================
2023-02-11 19:56:41,311:INFO:Creating metrics dataframe
2023-02-11 19:56:41,331:INFO:Initializing Light Gradient Boosting Machine
2023-02-11 19:56:41,332:INFO:Total runtime is 0.7766120711962382 minutes
2023-02-11 19:56:41,373:INFO:SubProcess create_model() called ==================================
2023-02-11 19:56:41,373:INFO:Initializing create_model()
2023-02-11 19:56:41,373:INFO:create_model(estimator=lightgbm, fold=KFold(n_splits=10, random_state=None, shuffle=False), round=4, cross_validation=True, predict=True, fit_kwargs={}, groups=None, refit=False, verbose=False, system=False, metrics=None, experiment_custom_tags=None, add_to_model_list=True, probability_threshold=None, display=<pycaret.internal.Display.Display object at 0x7fe940388b80>, return_train_score=False, kwargs={})
2023-02-11 19:56:41,373:INFO:Checking exceptions
2023-02-11 19:56:41,374:INFO:Importing libraries
2023-02-11 19:56:41,374:INFO:Copying training dataset
2023-02-11 19:56:41,377:INFO:Defining folds
2023-02-11 19:56:41,377:INFO:Declaring metric variables
2023-02-11 19:56:41,403:INFO:Importing untrained model
2023-02-11 19:56:41,428:INFO:Light Gradient Boosting Machine Imported succesfully
2023-02-11 19:56:41,527:INFO:Starting cross validation
2023-02-11 19:56:41,529:INFO:Cross validating with KFold(n_splits=10, random_state=None, shuffle=False), n_jobs=-1
2023-02-11 19:56:42,491:INFO:Calculating mean and std
2023-02-11 19:56:42,493:INFO:Creating metrics dataframe
2023-02-11 19:56:42,520:INFO:Uploading results into container
2023-02-11 19:56:42,521:INFO:Uploading model into container now
2023-02-11 19:56:42,521:INFO:create_model_container: 17
2023-02-11 19:56:42,521:INFO:master_model_container: 17
2023-02-11 19:56:42,521:INFO:display_container: 2
2023-02-11 19:56:42,522:INFO:LGBMRegressor(boosting_type='gbdt', class_weight=None, colsample_bytree=1.0,
              importance_type='split', learning_rate=0.1, max_depth=-1,
              min_child_samples=20, min_child_weight=0.001, min_split_gain=0.0,
              n_estimators=100, n_jobs=-1, num_leaves=31, objective=None,
              random_state=2023, reg_alpha=0.0, reg_lambda=0.0, silent='warn',
              subsample=1.0, subsample_for_bin=200000, subsample_freq=0)
2023-02-11 19:56:42,522:INFO:create_model() succesfully completed......................................
2023-02-11 19:56:42,790:INFO:SubProcess create_model() end ==================================
2023-02-11 19:56:42,790:INFO:Creating metrics dataframe
2023-02-11 19:56:42,849:INFO:Initializing Dummy Regressor
2023-02-11 19:56:42,849:INFO:Total runtime is 0.80190509557724 minutes
2023-02-11 19:56:42,892:INFO:SubProcess create_model() called ==================================
2023-02-11 19:56:42,899:INFO:Initializing create_model()
2023-02-11 19:56:42,899:INFO:create_model(estimator=dummy, fold=KFold(n_splits=10, random_state=None, shuffle=False), round=4, cross_validation=True, predict=True, fit_kwargs={}, groups=None, refit=False, verbose=False, system=False, metrics=None, experiment_custom_tags=None, add_to_model_list=True, probability_threshold=None, display=<pycaret.internal.Display.Display object at 0x7fe940388b80>, return_train_score=False, kwargs={})
2023-02-11 19:56:42,900:INFO:Checking exceptions
2023-02-11 19:56:42,900:INFO:Importing libraries
2023-02-11 19:56:42,900:INFO:Copying training dataset
2023-02-11 19:56:42,901:INFO:Defining folds
2023-02-11 19:56:42,902:INFO:Declaring metric variables
2023-02-11 19:56:42,954:INFO:Importing untrained model
2023-02-11 19:56:42,999:INFO:Dummy Regressor Imported succesfully
2023-02-11 19:56:43,098:INFO:Starting cross validation
2023-02-11 19:56:43,099:INFO:Cross validating with KFold(n_splits=10, random_state=None, shuffle=False), n_jobs=-1
2023-02-11 19:56:43,446:INFO:Calculating mean and std
2023-02-11 19:56:43,452:INFO:Creating metrics dataframe
2023-02-11 19:56:43,543:INFO:Uploading results into container
2023-02-11 19:56:43,543:INFO:Uploading model into container now
2023-02-11 19:56:43,544:INFO:create_model_container: 18
2023-02-11 19:56:43,544:INFO:master_model_container: 18
2023-02-11 19:56:43,544:INFO:display_container: 2
2023-02-11 19:56:43,544:INFO:DummyRegressor(constant=None, quantile=None, strategy='mean')
2023-02-11 19:56:43,546:INFO:create_model() succesfully completed......................................
2023-02-11 19:56:43,829:INFO:SubProcess create_model() end ==================================
2023-02-11 19:56:43,829:INFO:Creating metrics dataframe
2023-02-11 19:56:44,013:INFO:Initializing create_model()
2023-02-11 19:56:44,014:INFO:create_model(estimator=GradientBoostingRegressor(alpha=0.9, ccp_alpha=0.0, criterion='friedman_mse',
                          init=None, learning_rate=0.1, loss='ls', max_depth=3,
                          max_features=None, max_leaf_nodes=None,
                          min_impurity_decrease=0.0, min_impurity_split=None,
                          min_samples_leaf=1, min_samples_split=2,
                          min_weight_fraction_leaf=0.0, n_estimators=100,
                          n_iter_no_change=None, presort='deprecated',
                          random_state=2023, subsample=1.0, tol=0.0001,
                          validation_fraction=0.1, verbose=0, warm_start=False), fold=KFold(n_splits=10, random_state=None, shuffle=False), round=4, cross_validation=False, predict=False, fit_kwargs={}, groups=None, refit=True, verbose=False, system=False, metrics=None, experiment_custom_tags=None, add_to_model_list=True, probability_threshold=None, display=None, return_train_score=False, kwargs={})
2023-02-11 19:56:44,014:INFO:Checking exceptions
2023-02-11 19:56:44,014:INFO:Importing libraries
2023-02-11 19:56:44,018:INFO:Copying training dataset
2023-02-11 19:56:44,019:INFO:Defining folds
2023-02-11 19:56:44,020:INFO:Declaring metric variables
2023-02-11 19:56:44,020:INFO:Importing untrained model
2023-02-11 19:56:44,020:INFO:Declaring custom model
2023-02-11 19:56:44,023:INFO:Gradient Boosting Regressor Imported succesfully
2023-02-11 19:56:44,027:INFO:Cross validation set to False
2023-02-11 19:56:44,027:INFO:Fitting Model
2023-02-11 19:56:44,330:INFO:GradientBoostingRegressor(alpha=0.9, ccp_alpha=0.0, criterion='friedman_mse',
                          init=None, learning_rate=0.1, loss='ls', max_depth=3,
                          max_features=None, max_leaf_nodes=None,
                          min_impurity_decrease=0.0, min_impurity_split=None,
                          min_samples_leaf=1, min_samples_split=2,
                          min_weight_fraction_leaf=0.0, n_estimators=100,
                          n_iter_no_change=None, presort='deprecated',
                          random_state=2023, subsample=1.0, tol=0.0001,
                          validation_fraction=0.1, verbose=0, warm_start=False)
2023-02-11 19:56:44,330:INFO:create_models() succesfully completed......................................
2023-02-11 19:56:44,757:INFO:create_model_container: 18
2023-02-11 19:56:44,758:INFO:master_model_container: 18
2023-02-11 19:56:44,763:INFO:display_container: 2
2023-02-11 19:56:44,768:INFO:GradientBoostingRegressor(alpha=0.9, ccp_alpha=0.0, criterion='friedman_mse',
                          init=None, learning_rate=0.1, loss='ls', max_depth=3,
                          max_features=None, max_leaf_nodes=None,
                          min_impurity_decrease=0.0, min_impurity_split=None,
                          min_samples_leaf=1, min_samples_split=2,
                          min_weight_fraction_leaf=0.0, n_estimators=100,
                          n_iter_no_change=None, presort='deprecated',
                          random_state=2023, subsample=1.0, tol=0.0001,
                          validation_fraction=0.1, verbose=0, warm_start=False)
2023-02-11 19:56:44,769:INFO:compare_models() succesfully completed......................................
2023-02-11 19:58:29,827:INFO:Initializing tune_model()
2023-02-11 19:58:29,828:INFO:tune_model(estimator=GradientBoostingRegressor(alpha=0.9, ccp_alpha=0.0, criterion='friedman_mse',
                          init=None, learning_rate=0.1, loss='ls', max_depth=3,
                          max_features=None, max_leaf_nodes=None,
                          min_impurity_decrease=0.0, min_impurity_split=None,
                          min_samples_leaf=1, min_samples_split=2,
                          min_weight_fraction_leaf=0.0, n_estimators=100,
                          n_iter_no_change=None, presort='deprecated',
                          random_state=2023, subsample=1.0, tol=0.0001,
                          validation_fraction=0.1, verbose=0, warm_start=False), fold=5, round=4, n_iter=100, custom_grid=None, optimize=R2, custom_scorer=None, search_library=scikit-learn, search_algorithm=None, early_stopping=False, early_stopping_max_iters=10, choose_better=False, fit_kwargs=None, groups=None, return_tuner=False, verbose=True, tuner_verbose=True, display=None, return_train_score=False, kwargs={})
2023-02-11 19:58:29,828:INFO:Checking exceptions
2023-02-11 19:58:29,828:INFO:Preparing display monitor
2023-02-11 19:58:29,893:INFO:Copying training dataset
2023-02-11 19:58:29,895:INFO:Checking base model
2023-02-11 19:58:29,895:INFO:Base model : Gradient Boosting Regressor
2023-02-11 19:58:29,979:INFO:Declaring metric variables
2023-02-11 19:58:30,050:INFO:Defining Hyperparameters
2023-02-11 19:58:30,341:INFO:Tuning with n_jobs=-1
2023-02-11 19:58:30,342:INFO:Initializing RandomizedSearchCV
2023-02-11 19:59:28,509:INFO:best_params: {'actual_estimator__subsample': 0.65, 'actual_estimator__n_estimators': 100, 'actual_estimator__min_samples_split': 2, 'actual_estimator__min_samples_leaf': 5, 'actual_estimator__min_impurity_decrease': 0, 'actual_estimator__max_features': 1.0, 'actual_estimator__max_depth': 2, 'actual_estimator__learning_rate': 0.1}
2023-02-11 19:59:28,520:INFO:Hyperparameter search completed
2023-02-11 19:59:28,520:INFO:SubProcess create_model() called ==================================
2023-02-11 19:59:28,522:INFO:Initializing create_model()
2023-02-11 19:59:28,527:INFO:create_model(estimator=GradientBoostingRegressor(alpha=0.9, ccp_alpha=0.0, criterion='friedman_mse',
                          init=None, learning_rate=0.1, loss='ls', max_depth=3,
                          max_features=None, max_leaf_nodes=None,
                          min_impurity_decrease=0.0, min_impurity_split=None,
                          min_samples_leaf=1, min_samples_split=2,
                          min_weight_fraction_leaf=0.0, n_estimators=100,
                          n_iter_no_change=None, presort='deprecated',
                          random_state=2023, subsample=1.0, tol=0.0001,
                          validation_fraction=0.1, verbose=0, warm_start=False), fold=KFold(n_splits=5, random_state=None, shuffle=False), round=4, cross_validation=True, predict=True, fit_kwargs={}, groups=None, refit=True, verbose=True, system=False, metrics=None, experiment_custom_tags=None, add_to_model_list=True, probability_threshold=None, display=<pycaret.internal.Display.Display object at 0x7fe8febfbee0>, return_train_score=False, kwargs={'subsample': 0.65, 'n_estimators': 100, 'min_samples_split': 2, 'min_samples_leaf': 5, 'min_impurity_decrease': 0, 'max_features': 1.0, 'max_depth': 2, 'learning_rate': 0.1})
2023-02-11 19:59:28,529:INFO:Checking exceptions
2023-02-11 19:59:28,529:INFO:Importing libraries
2023-02-11 19:59:28,529:INFO:Copying training dataset
2023-02-11 19:59:28,531:INFO:Defining folds
2023-02-11 19:59:28,536:INFO:Declaring metric variables
2023-02-11 19:59:28,583:INFO:Importing untrained model
2023-02-11 19:59:28,583:INFO:Declaring custom model
2023-02-11 19:59:28,636:INFO:Gradient Boosting Regressor Imported succesfully
2023-02-11 19:59:28,755:INFO:Starting cross validation
2023-02-11 19:59:28,756:INFO:Cross validating with KFold(n_splits=5, random_state=None, shuffle=False), n_jobs=-1
2023-02-11 19:59:29,326:INFO:Calculating mean and std
2023-02-11 19:59:29,329:INFO:Creating metrics dataframe
2023-02-11 19:59:29,423:INFO:Finalizing model
2023-02-11 19:59:29,614:INFO:Uploading results into container
2023-02-11 19:59:29,614:INFO:Uploading model into container now
2023-02-11 19:59:29,614:INFO:create_model_container: 19
2023-02-11 19:59:29,614:INFO:master_model_container: 19
2023-02-11 19:59:29,614:INFO:display_container: 3
2023-02-11 19:59:29,616:INFO:GradientBoostingRegressor(alpha=0.9, ccp_alpha=0.0, criterion='friedman_mse',
                          init=None, learning_rate=0.1, loss='ls', max_depth=2,
                          max_features=1.0, max_leaf_nodes=None,
                          min_impurity_decrease=0, min_impurity_split=None,
                          min_samples_leaf=5, min_samples_split=2,
                          min_weight_fraction_leaf=0.0, n_estimators=100,
                          n_iter_no_change=None, presort='deprecated',
                          random_state=2023, subsample=0.65, tol=0.0001,
                          validation_fraction=0.1, verbose=0, warm_start=False)
2023-02-11 19:59:29,617:INFO:create_model() succesfully completed......................................
2023-02-11 19:59:29,850:INFO:SubProcess create_model() end ==================================
2023-02-11 19:59:29,870:INFO:create_model_container: 19
2023-02-11 19:59:29,870:INFO:master_model_container: 19
2023-02-11 19:59:29,870:INFO:display_container: 3
2023-02-11 19:59:29,871:INFO:GradientBoostingRegressor(alpha=0.9, ccp_alpha=0.0, criterion='friedman_mse',
                          init=None, learning_rate=0.1, loss='ls', max_depth=2,
                          max_features=1.0, max_leaf_nodes=None,
                          min_impurity_decrease=0, min_impurity_split=None,
                          min_samples_leaf=5, min_samples_split=2,
                          min_weight_fraction_leaf=0.0, n_estimators=100,
                          n_iter_no_change=None, presort='deprecated',
                          random_state=2023, subsample=0.65, tol=0.0001,
                          validation_fraction=0.1, verbose=0, warm_start=False)
2023-02-11 19:59:29,871:INFO:tune_model() succesfully completed......................................
2023-02-11 20:00:22,141:INFO:Initializing evaluate_model()
2023-02-11 20:00:22,143:INFO:evaluate_model(estimator=GradientBoostingRegressor(alpha=0.9, ccp_alpha=0.0, criterion='friedman_mse',
                          init=None, learning_rate=0.1, loss='ls', max_depth=2,
                          max_features=1.0, max_leaf_nodes=None,
                          min_impurity_decrease=0, min_impurity_split=None,
                          min_samples_leaf=5, min_samples_split=2,
                          min_weight_fraction_leaf=0.0, n_estimators=100,
                          n_iter_no_change=None, presort='deprecated',
                          random_state=2023, subsample=0.65, tol=0.0001,
                          validation_fraction=0.1, verbose=0, warm_start=False), fold=None, fit_kwargs=None, plot_kwargs=None, feature_name=None, groups=None, use_train_data=False)
2023-02-11 20:00:22,231:INFO:Initializing plot_model()
2023-02-11 20:00:22,231:INFO:plot_model(fold=KFold(n_splits=10, random_state=None, shuffle=False), use_train_data=False, verbose=True, is_in_evaluate=True, display=None, display_format=None, estimator=GradientBoostingRegressor(alpha=0.9, ccp_alpha=0.0, criterion='friedman_mse',
                          init=None, learning_rate=0.1, loss='ls', max_depth=2,
                          max_features=1.0, max_leaf_nodes=None,
                          min_impurity_decrease=0, min_impurity_split=None,
                          min_samples_leaf=5, min_samples_split=2,
                          min_weight_fraction_leaf=0.0, n_estimators=100,
                          n_iter_no_change=None, presort='deprecated',
                          random_state=2023, subsample=0.65, tol=0.0001,
                          validation_fraction=0.1, verbose=0, warm_start=False), feature_name=None, fit_kwargs={}, groups=None, label=False, plot=parameter, plot_kwargs={}, save=False, scale=1, system=True)
2023-02-11 20:00:22,231:INFO:Checking exceptions
2023-02-11 20:00:22,233:INFO:Preparing display monitor
2023-02-11 20:00:22,253:INFO:Preloading libraries
2023-02-11 20:00:22,329:INFO:Copying training dataset
2023-02-11 20:00:22,332:INFO:Copying test dataset
2023-02-11 20:00:22,332:INFO:Plot type: parameter
2023-02-11 20:00:22,353:INFO:Visual Rendered Successfully
2023-02-11 20:00:22,844:INFO:plot_model() succesfully completed......................................
2023-02-11 20:00:32,501:INFO:Initializing plot_model()
2023-02-11 20:00:32,502:INFO:plot_model(fold=KFold(n_splits=10, random_state=None, shuffle=False), use_train_data=False, verbose=True, is_in_evaluate=True, display=None, display_format=None, estimator=GradientBoostingRegressor(alpha=0.9, ccp_alpha=0.0, criterion='friedman_mse',
                          init=None, learning_rate=0.1, loss='ls', max_depth=2,
                          max_features=1.0, max_leaf_nodes=None,
                          min_impurity_decrease=0, min_impurity_split=None,
                          min_samples_leaf=5, min_samples_split=2,
                          min_weight_fraction_leaf=0.0, n_estimators=100,
                          n_iter_no_change=None, presort='deprecated',
                          random_state=2023, subsample=0.65, tol=0.0001,
                          validation_fraction=0.1, verbose=0, warm_start=False), feature_name=None, fit_kwargs={}, groups=None, label=False, plot=residuals, plot_kwargs={}, save=False, scale=1, system=True)
2023-02-11 20:00:32,502:INFO:Checking exceptions
2023-02-11 20:00:32,505:INFO:Preparing display monitor
2023-02-11 20:00:32,520:INFO:Preloading libraries
2023-02-11 20:00:32,540:INFO:Copying training dataset
2023-02-11 20:00:32,541:INFO:Copying test dataset
2023-02-11 20:00:32,542:INFO:Plot type: residuals
2023-02-11 20:00:32,743:INFO:Fitting Model
2023-02-11 20:00:32,952:INFO:Scoring test/hold-out set
2023-02-11 20:00:34,354:INFO:Visual Rendered Successfully
2023-02-11 20:00:34,521:INFO:plot_model() succesfully completed......................................
2023-02-11 20:00:40,760:INFO:Initializing plot_model()
2023-02-11 20:00:40,763:INFO:plot_model(fold=KFold(n_splits=10, random_state=None, shuffle=False), use_train_data=False, verbose=True, is_in_evaluate=True, display=None, display_format=None, estimator=GradientBoostingRegressor(alpha=0.9, ccp_alpha=0.0, criterion='friedman_mse',
                          init=None, learning_rate=0.1, loss='ls', max_depth=2,
                          max_features=1.0, max_leaf_nodes=None,
                          min_impurity_decrease=0, min_impurity_split=None,
                          min_samples_leaf=5, min_samples_split=2,
                          min_weight_fraction_leaf=0.0, n_estimators=100,
                          n_iter_no_change=None, presort='deprecated',
                          random_state=2023, subsample=0.65, tol=0.0001,
                          validation_fraction=0.1, verbose=0, warm_start=False), feature_name=None, fit_kwargs={}, groups=None, label=False, plot=error, plot_kwargs={}, save=False, scale=1, system=True)
2023-02-11 20:00:40,763:INFO:Checking exceptions
2023-02-11 20:00:40,765:INFO:Preparing display monitor
2023-02-11 20:00:40,778:INFO:Preloading libraries
2023-02-11 20:00:40,803:INFO:Copying training dataset
2023-02-11 20:00:40,804:INFO:Copying test dataset
2023-02-11 20:00:40,805:INFO:Plot type: error
2023-02-11 20:00:40,814:INFO:Fitting Model
2023-02-11 20:00:40,815:INFO:Scoring test/hold-out set
2023-02-11 20:00:41,575:INFO:Visual Rendered Successfully
2023-02-11 20:00:41,737:INFO:plot_model() succesfully completed......................................
2023-02-11 20:00:44,702:INFO:Initializing plot_model()
2023-02-11 20:00:44,704:INFO:plot_model(fold=KFold(n_splits=10, random_state=None, shuffle=False), use_train_data=False, verbose=True, is_in_evaluate=True, display=None, display_format=None, estimator=GradientBoostingRegressor(alpha=0.9, ccp_alpha=0.0, criterion='friedman_mse',
                          init=None, learning_rate=0.1, loss='ls', max_depth=2,
                          max_features=1.0, max_leaf_nodes=None,
                          min_impurity_decrease=0, min_impurity_split=None,
                          min_samples_leaf=5, min_samples_split=2,
                          min_weight_fraction_leaf=0.0, n_estimators=100,
                          n_iter_no_change=None, presort='deprecated',
                          random_state=2023, subsample=0.65, tol=0.0001,
                          validation_fraction=0.1, verbose=0, warm_start=False), feature_name=None, fit_kwargs={}, groups=None, label=False, plot=feature, plot_kwargs={}, save=False, scale=1, system=True)
2023-02-11 20:00:44,705:INFO:Checking exceptions
2023-02-11 20:00:44,707:INFO:Preparing display monitor
2023-02-11 20:00:44,719:INFO:Preloading libraries
2023-02-11 20:00:44,740:INFO:Copying training dataset
2023-02-11 20:00:44,743:INFO:Copying test dataset
2023-02-11 20:00:44,745:INFO:Plot type: feature
2023-02-11 20:00:44,757:WARNING:No coef_ found. Trying feature_importances_
2023-02-11 20:00:45,331:INFO:Visual Rendered Successfully
2023-02-11 20:00:45,488:INFO:plot_model() succesfully completed......................................
2023-02-11 20:01:42,094:INFO:Initializing finalize_model()
2023-02-11 20:01:42,098:INFO:finalize_model(estimator=GradientBoostingRegressor(alpha=0.9, ccp_alpha=0.0, criterion='friedman_mse',
                          init=None, learning_rate=0.1, loss='ls', max_depth=2,
                          max_features=1.0, max_leaf_nodes=None,
                          min_impurity_decrease=0, min_impurity_split=None,
                          min_samples_leaf=5, min_samples_split=2,
                          min_weight_fraction_leaf=0.0, n_estimators=100,
                          n_iter_no_change=None, presort='deprecated',
                          random_state=2023, subsample=0.65, tol=0.0001,
                          validation_fraction=0.1, verbose=0, warm_start=False), fit_kwargs=None, groups=None, model_only=True, display=None, experiment_custom_tags=None, return_train_score=False)
2023-02-11 20:01:42,105:INFO:Finalizing GradientBoostingRegressor(alpha=0.9, ccp_alpha=0.0, criterion='friedman_mse',
                          init=None, learning_rate=0.1, loss='ls', max_depth=2,
                          max_features=1.0, max_leaf_nodes=None,
                          min_impurity_decrease=0, min_impurity_split=None,
                          min_samples_leaf=5, min_samples_split=2,
                          min_weight_fraction_leaf=0.0, n_estimators=100,
                          n_iter_no_change=None, presort='deprecated',
                          random_state=2023, subsample=0.65, tol=0.0001,
                          validation_fraction=0.1, verbose=0, warm_start=False)
2023-02-11 20:01:42,107:INFO:Initializing create_model()
2023-02-11 20:01:42,113:INFO:create_model(estimator=GradientBoostingRegressor(alpha=0.9, ccp_alpha=0.0, criterion='friedman_mse',
                          init=None, learning_rate=0.1, loss='ls', max_depth=2,
                          max_features=1.0, max_leaf_nodes=None,
                          min_impurity_decrease=0, min_impurity_split=None,
                          min_samples_leaf=5, min_samples_split=2,
                          min_weight_fraction_leaf=0.0, n_estimators=100,
                          n_iter_no_change=None, presort='deprecated',
                          random_state=2023, subsample=0.65, tol=0.0001,
                          validation_fraction=0.1, verbose=0, warm_start=False), fold=None, round=4, cross_validation=True, predict=True, fit_kwargs={}, groups=None, refit=True, verbose=False, system=False, metrics=None, experiment_custom_tags=None, add_to_model_list=False, probability_threshold=None, display=None, return_train_score=False, kwargs={})
2023-02-11 20:01:42,113:INFO:Checking exceptions
2023-02-11 20:01:42,114:INFO:Importing libraries
2023-02-11 20:01:42,114:INFO:Copying training dataset
2023-02-11 20:01:42,115:INFO:Defining folds
2023-02-11 20:01:42,115:INFO:Declaring metric variables
2023-02-11 20:01:42,115:INFO:Importing untrained model
2023-02-11 20:01:42,115:INFO:Declaring custom model
2023-02-11 20:01:42,118:INFO:Gradient Boosting Regressor Imported succesfully
2023-02-11 20:01:42,118:INFO:Starting cross validation
2023-02-11 20:01:42,120:INFO:Cross validating with KFold(n_splits=10, random_state=None, shuffle=False), n_jobs=-1
2023-02-11 20:01:43,744:INFO:Calculating mean and std
2023-02-11 20:01:43,745:INFO:Creating metrics dataframe
2023-02-11 20:01:43,749:INFO:Finalizing model
2023-02-11 20:01:44,157:INFO:create_model_container: 19
2023-02-11 20:01:44,158:INFO:master_model_container: 19
2023-02-11 20:01:44,158:INFO:display_container: 4
2023-02-11 20:01:44,162:INFO:GradientBoostingRegressor(alpha=0.9, ccp_alpha=0.0, criterion='friedman_mse',
                          init=None, learning_rate=0.1, loss='ls', max_depth=2,
                          max_features=1.0, max_leaf_nodes=None,
                          min_impurity_decrease=0, min_impurity_split=None,
                          min_samples_leaf=5, min_samples_split=2,
                          min_weight_fraction_leaf=0.0, n_estimators=100,
                          n_iter_no_change=None, presort='deprecated',
                          random_state=2023, subsample=0.65, tol=0.0001,
                          validation_fraction=0.1, verbose=0, warm_start=False)
2023-02-11 20:01:44,163:INFO:create_model() succesfully completed......................................
2023-02-11 20:01:44,419:INFO:create_model_container: 19
2023-02-11 20:01:44,419:INFO:master_model_container: 19
2023-02-11 20:01:44,419:INFO:display_container: 3
2023-02-11 20:01:44,421:INFO:GradientBoostingRegressor(alpha=0.9, ccp_alpha=0.0, criterion='friedman_mse',
                          init=None, learning_rate=0.1, loss='ls', max_depth=2,
                          max_features=1.0, max_leaf_nodes=None,
                          min_impurity_decrease=0, min_impurity_split=None,
                          min_samples_leaf=5, min_samples_split=2,
                          min_weight_fraction_leaf=0.0, n_estimators=100,
                          n_iter_no_change=None, presort='deprecated',
                          random_state=2023, subsample=0.65, tol=0.0001,
                          validation_fraction=0.1, verbose=0, warm_start=False)
2023-02-11 20:01:44,423:INFO:finalize_model() succesfully completed......................................
2023-02-11 20:02:49,600:INFO:Initializing get_config()
2023-02-11 20:02:49,601:INFO:get_config(variable=prep_pipe)
2023-02-11 20:02:49,610:INFO:Global variable: prep_pipe returned as Pipeline(memory=None,
         steps=[('dtypes',
                 DataTypes_Auto_infer(categorical_features=[],
                                      display_types=False, features_todrop=[],
                                      id_columns=[], ml_usecase='regression',
                                      numerical_features=[], target='charges',
                                      time_features=[])),
                ('imputer',
                 Simple_Imputer(categorical_strategy='not_available',
                                fill_value_categorical=None,
                                fill_value_numerical=None,
                                numeric_strateg...
                ('scaling', 'passthrough'), ('P_transform', 'passthrough'),
                ('binn', 'passthrough'), ('rem_outliers', 'passthrough'),
                ('cluster_all', 'passthrough'),
                ('dummy', Dummify(target='charges')),
                ('fix_perfect', Remove_100(target='charges')),
                ('clean_names', Clean_Colum_Names()),
                ('feature_select', 'passthrough'), ('fix_multi', 'passthrough'),
                ('dfs', 'passthrough'), ('pca', 'passthrough')],
         verbose=False)
2023-02-11 20:02:49,610:INFO:get_config() succesfully completed......................................
2023-02-11 20:02:49,611:INFO:Initializing get_config()
2023-02-11 20:02:49,611:INFO:get_config(variable=data_before_preprocess)
2023-02-11 20:02:49,630:INFO:Global variable: data_before_preprocess returned as       age     bmi  children smoker      charges
0      19  27.900         0    yes  16884.92400
1      18  33.770         1     no   1725.55230
2      28  33.000         3     no   4449.46200
3      33  22.705         0     no  21984.47061
4      32  28.880         0     no   3866.85520
...   ...     ...       ...    ...          ...
1333   50  30.970         3     no  10600.54830
1334   18  31.920         0     no   2205.98080
1335   18  36.850         0     no   1629.83350
1336   21  25.800         0     no   2007.94500
1337   61  29.070         0    yes  29141.36030

[1338 rows x 5 columns]
2023-02-11 20:02:49,630:INFO:get_config() succesfully completed......................................
2023-02-11 20:02:49,632:INFO:Initializing get_config()
2023-02-11 20:02:49,633:INFO:get_config(variable=prep_pipe)
2023-02-11 20:02:49,643:INFO:Global variable: prep_pipe returned as Pipeline(memory=None,
         steps=[('dtypes',
                 DataTypes_Auto_infer(categorical_features=[],
                                      display_types=False, features_todrop=[],
                                      id_columns=[], ml_usecase='regression',
                                      numerical_features=[], target='charges',
                                      time_features=[])),
                ('imputer',
                 Simple_Imputer(categorical_strategy='not_available',
                                fill_value_categorical=None,
                                fill_value_numerical=None,
                                numeric_strateg...
                ('scaling', 'passthrough'), ('P_transform', 'passthrough'),
                ('binn', 'passthrough'), ('rem_outliers', 'passthrough'),
                ('cluster_all', 'passthrough'),
                ('dummy', Dummify(target='charges')),
                ('fix_perfect', Remove_100(target='charges')),
                ('clean_names', Clean_Colum_Names()),
                ('feature_select', 'passthrough'), ('fix_multi', 'passthrough'),
                ('dfs', 'passthrough'), ('pca', 'passthrough')],
         verbose=False)
2023-02-11 20:02:49,643:INFO:get_config() succesfully completed......................................
2023-02-11 20:02:49,643:INFO:Initializing get_config()
2023-02-11 20:02:49,644:INFO:get_config(variable=prep_pipe)
2023-02-11 20:02:49,651:INFO:Global variable: prep_pipe returned as Pipeline(memory=None,
         steps=[('dtypes',
                 DataTypes_Auto_infer(categorical_features=[],
                                      display_types=False, features_todrop=[],
                                      id_columns=[], ml_usecase='regression',
                                      numerical_features=[], target='charges',
                                      time_features=[])),
                ('imputer',
                 Simple_Imputer(categorical_strategy='not_available',
                                fill_value_categorical=None,
                                fill_value_numerical=None,
                                numeric_strateg...
                ('scaling', 'passthrough'), ('P_transform', 'passthrough'),
                ('binn', 'passthrough'), ('rem_outliers', 'passthrough'),
                ('cluster_all', 'passthrough'),
                ('dummy', Dummify(target='charges')),
                ('fix_perfect', Remove_100(target='charges')),
                ('clean_names', Clean_Colum_Names()),
                ('feature_select', 'passthrough'), ('fix_multi', 'passthrough'),
                ('dfs', 'passthrough'), ('pca', 'passthrough')],
         verbose=False)
2023-02-11 20:02:49,660:INFO:get_config() succesfully completed......................................
2023-02-11 20:02:49,662:INFO:Initializing get_config()
2023-02-11 20:02:49,663:INFO:get_config(variable=prep_pipe)
2023-02-11 20:02:49,678:INFO:Global variable: prep_pipe returned as Pipeline(memory=None,
         steps=[('dtypes',
                 DataTypes_Auto_infer(categorical_features=[],
                                      display_types=False, features_todrop=[],
                                      id_columns=[], ml_usecase='regression',
                                      numerical_features=[], target='charges',
                                      time_features=[])),
                ('imputer',
                 Simple_Imputer(categorical_strategy='not_available',
                                fill_value_categorical=None,
                                fill_value_numerical=None,
                                numeric_strateg...
                ('scaling', 'passthrough'), ('P_transform', 'passthrough'),
                ('binn', 'passthrough'), ('rem_outliers', 'passthrough'),
                ('cluster_all', 'passthrough'),
                ('dummy', Dummify(target='charges')),
                ('fix_perfect', Remove_100(target='charges')),
                ('clean_names', Clean_Colum_Names()),
                ('feature_select', 'passthrough'), ('fix_multi', 'passthrough'),
                ('dfs', 'passthrough'), ('pca', 'passthrough')],
         verbose=False)
2023-02-11 20:02:49,679:INFO:get_config() succesfully completed......................................
2023-02-11 20:02:49,692:INFO:Initializing save_model()
2023-02-11 20:02:49,693:INFO:save_model(model=GradientBoostingRegressor(alpha=0.9, ccp_alpha=0.0, criterion='friedman_mse',
                          init=None, learning_rate=0.1, loss='ls', max_depth=2,
                          max_features=1.0, max_leaf_nodes=None,
                          min_impurity_decrease=0, min_impurity_split=None,
                          min_samples_leaf=5, min_samples_split=2,
                          min_weight_fraction_leaf=0.0, n_estimators=100,
                          n_iter_no_change=None, presort='deprecated',
                          random_state=2023, subsample=0.65, tol=0.0001,
                          validation_fraction=0.1, verbose=0, warm_start=False), model_name=../app/api_insurance, prep_pipe_=Pipeline(memory=None,
         steps=[('dtypes',
                 DataTypes_Auto_infer(categorical_features=[],
                                      display_types=False, features_todrop=[],
                                      id_columns=[], ml_usecase='regression',
                                      numerical_features=[], target='charges',
                                      time_features=[])),
                ('imputer',
                 Simple_Imputer(categorical_strategy='not_available',
                                fill_value_categorical=None,
                                fill_value_numerical=None,
                                numeric_strateg...
                ('scaling', 'passthrough'), ('P_transform', 'passthrough'),
                ('binn', 'passthrough'), ('rem_outliers', 'passthrough'),
                ('cluster_all', 'passthrough'),
                ('dummy', Dummify(target='charges')),
                ('fix_perfect', Remove_100(target='charges')),
                ('clean_names', Clean_Colum_Names()),
                ('feature_select', 'passthrough'), ('fix_multi', 'passthrough'),
                ('dfs', 'passthrough'), ('pca', 'passthrough')],
         verbose=False), verbose=False, kwargs={})
2023-02-11 20:02:49,693:INFO:Adding model into prep_pipe
2023-02-11 20:02:49,738:INFO:../app/api_insurance.pkl saved in current working directory
2023-02-11 20:02:49,761:INFO:Pipeline(memory=None,
         steps=[('dtypes',
                 DataTypes_Auto_infer(categorical_features=[],
                                      display_types=False, features_todrop=[],
                                      id_columns=[], ml_usecase='regression',
                                      numerical_features=[], target='charges',
                                      time_features=[])),
                ('imputer',
                 Simple_Imputer(categorical_strategy='not_available',
                                fill_value_categorical=None,
                                fill_value_numerical=None,
                                numeric_strateg...
                                           learning_rate=0.1, loss='ls',
                                           max_depth=2, max_features=1.0,
                                           max_leaf_nodes=None,
                                           min_impurity_decrease=0,
                                           min_impurity_split=None,
                                           min_samples_leaf=5,
                                           min_samples_split=2,
                                           min_weight_fraction_leaf=0.0,
                                           n_estimators=100,
                                           n_iter_no_change=None,
                                           presort='deprecated',
                                           random_state=2023, subsample=0.65,
                                           tol=0.0001, validation_fraction=0.1,
                                           verbose=0, warm_start=False)]],
         verbose=False)
2023-02-11 20:02:49,762:INFO:save_model() successfully completed......................................
