2023-02-11 20:04:08,428:INFO:Initializing load_model()
2023-02-11 20:04:08,429:INFO:load_model(model_name=../app/api_insurance, platform=None, authentication=None, verbose=True)
2023-02-11 20:05:04,134:INFO:Initializing predict_model()
2023-02-11 20:05:04,134:INFO:predict_model(estimator=Pipeline(steps=[('dtypes',
                 DataTypes_Auto_infer(display_types=False,
                                      ml_usecase='regression',
                                      target='charges')),
                ('imputer',
                 Simple_Imputer(categorical_strategy='not_available',
                                fill_value_categorical=None,
                                fill_value_numerical=None,
                                numeric_strategy='mean',
                                target_variable=None)),
                ('new_levels1',
                 New_Catagorical_Levels_in_TestData(replacement_strategy='leas...
                ('dummy', Dummify(target='charges')),
                ('fix_perfect', Remove_100(target='charges')),
                ('clean_names', Clean_Colum_Names()),
                ('feature_select', 'passthrough'), ('fix_multi', 'passthrough'),
                ('dfs', 'passthrough'), ('pca', 'passthrough'),
                ['trained_model',
                 GradientBoostingRegressor(max_depth=2, max_features=1.0,
                                           min_impurity_decrease=0,
                                           min_samples_leaf=5,
                                           random_state=2023,
                                           subsample=0.65)]]), probability_threshold=None, encoded_labels=True, drift_report=False, raw_score=False, round=4, verbose=True, ml_usecase=MLUsecase.REGRESSION, display=None, drift_kwargs=None)
2023-02-11 20:05:04,134:INFO:Checking exceptions
2023-02-11 20:05:04,134:INFO:Preloading libraries
